<?xml version="1.0" encoding="UTF-8"?>
<!-- Generated by org.testng.reporters.JUnitReportReporter -->
<testsuite skipped="0" hostname="AGATI-D015" name="com.tb.qa.testcases.PasswordSecurityEditPageTest" tests="1" failures="0" timestamp="2021-01-22T10:20:46 IST" time="8.514" errors="0">
  <testcase name="EditPasswordSecurityQuestion" time="8.514" classname="com.tb.qa.testcases.PasswordSecurityEditPageTest"/>
  <system-out/>
</testsuite> <!-- com.tb.qa.testcases.PasswordSecurityEditPageTest -->
