<?xml version="1.0" encoding="UTF-8"?>
<!-- Generated by org.testng.reporters.JUnitReportReporter -->
<testsuite skipped="0" hostname="AGATI-D015" name="com.tb.qa.testcases.AppConfigurationPageTest" tests="6" failures="0" timestamp="2021-01-27T12:36:25 IST" time="5.450" errors="0">
  <testcase name="CancelAppConfigCreatePage" time="4.297" classname="com.tb.qa.testcases.AppConfigurationPageTest"/>
  <system-out/>
  <testcase name="create_AppConfig_TermName" time="0.430" classname="com.tb.qa.testcases.AppConfigurationPageTest"/>
  <system-out/>
  <testcase name="create_AppConfig_TermCode" time="0.106" classname="com.tb.qa.testcases.AppConfigurationPageTest"/>
  <system-out/>
  <testcase name="create_AppConfig_ShortValue" time="0.188" classname="com.tb.qa.testcases.AppConfigurationPageTest"/>
  <system-out/>
  <testcase name="create_AppConfig_LongValue" time="0.322" classname="com.tb.qa.testcases.AppConfigurationPageTest"/>
  <system-out/>
  <testcase name="clear_AppConfig_CreateValues" time="0.107" classname="com.tb.qa.testcases.AppConfigurationPageTest"/>
  <system-out/>
</testsuite> <!-- com.tb.qa.testcases.AppConfigurationPageTest -->
