<?xml version="1.0" encoding="UTF-8"?>
<!-- Generated by org.testng.reporters.JUnitReportReporter -->
<testsuite skipped="0" hostname="AGATI-D015" name="com.tb.qa.testcases.LoginPageTest" tests="1" failures="0" timestamp="2021-01-27T12:36:26 IST" time="18.983" errors="0">
  <testcase name="loginTest" time="18.983" classname="com.tb.qa.testcases.LoginPageTest"/>
  <system-out/>
</testsuite> <!-- com.tb.qa.testcases.LoginPageTest -->
