<?xml version="1.0" encoding="UTF-8"?>
<!-- Generated by org.testng.reporters.JUnitReportReporter -->
<testsuite skipped="0" hostname="AGATI-D015" name="com.tb.qa.testcases.PasswordSecurityQuestionEditUpdationTest" tests="1" failures="0" timestamp="2021-01-22T10:20:46 IST" time="8.584" errors="0">
  <testcase name="UpdatePasswordSecurityQuestion" time="8.584" classname="com.tb.qa.testcases.PasswordSecurityQuestionEditUpdationTest"/>
  <system-out/>
</testsuite> <!-- com.tb.qa.testcases.PasswordSecurityQuestionEditUpdationTest -->
