<?xml version="1.0" encoding="UTF-8"?>
<!-- Generated by org.testng.reporters.JUnitReportReporter -->
<testsuite skipped="0" hostname="AGATI-D015" name="com.tb.qa.testcases.PasswordSecurityQuestionTest" tests="3" failures="0" timestamp="2021-01-22T10:20:46 IST" time="17.326" errors="0">
  <testcase name="clearPasswordSecurityQuestionPage" time="4.525" classname="com.tb.qa.testcases.PasswordSecurityQuestionTest"/>
  <system-out/>
  <testcase name="cancelPasswordSecurityQuestionPage" time="6.309" classname="com.tb.qa.testcases.PasswordSecurityQuestionTest"/>
  <system-out/>
  <testcase name="createPasswordSecurityQuestionPage" time="6.492" classname="com.tb.qa.testcases.PasswordSecurityQuestionTest"/>
  <system-out/>
</testsuite> <!-- com.tb.qa.testcases.PasswordSecurityQuestionTest -->
